A.L.E: Arcade Learning Environment (version 0.10.2+c9d4b19)
[Powered by Stella]
A.L.E: Arcade Learning Environment (version 0.10.2+c9d4b19)
[Powered by Stella]
A.L.E: Arcade Learning Environment (version 0.10.2+c9d4b19)
[Powered by Stella]
A.L.E: Arcade Learning Environment (version 0.10.2+c9d4b19)
[Powered by Stella]
A.L.E: Arcade Learning Environment (version 0.10.2+c9d4b19)
[Powered by Stella]
A.L.E: Arcade Learning Environment (version 0.10.2+c9d4b19)
[Powered by Stella]
A.L.E: Arcade Learning Environment (version 0.10.2+c9d4b19)
[Powered by Stella]
A.L.E: Arcade Learning Environment (version 0.10.2+c9d4b19)
[Powered by Stella]
A.L.E: Arcade Learning Environment (version 0.10.2+c9d4b19)
[Powered by Stella]
A.L.E: Arcade Learning Environment (version 0.10.2+c9d4b19)
[Powered by Stella]
A.L.E: Arcade Learning Environment (version 0.10.2+c9d4b19)
[Powered by Stella]
A.L.E: Arcade Learning Environment (version 0.10.2+c9d4b19)
[Powered by Stella]
A.L.E: Arcade Learning Environment (version 0.10.2+c9d4b19)
[Powered by Stella]
A.L.E: Arcade Learning Environment (version 0.10.2+c9d4b19)
[Powered by Stella]
A.L.E: Arcade Learning Environment (version 0.10.2+c9d4b19)
[Powered by Stella]
A.L.E: Arcade Learning Environment (version 0.10.2+c9d4b19)
[Powered by Stella]
A.L.E: Arcade Learning Environment (version 0.10.2+c9d4b19)
[Powered by Stella]
A.L.E: Arcade Learning Environment (version 0.10.2+c9d4b19)
[Powered by Stella]
A.L.E: Arcade Learning Environment (version 0.10.2+c9d4b19)
[Powered by Stella]
A.L.E: Arcade Learning Environment (version 0.10.2+c9d4b19)
[Powered by Stella]
A.L.E: Arcade Learning Environment (version 0.10.2+c9d4b19)
[Powered by Stella]
A.L.E: Arcade Learning Environment (version 0.10.2+c9d4b19)
[Powered by Stella]
A.L.E: Arcade Learning Environment (version 0.10.2+c9d4b19)
[Powered by Stella]
A.L.E: Arcade Learning Environment (version 0.10.2+c9d4b19)
[Powered by Stella]
A.L.E: Arcade Learning Environment (version 0.10.2+c9d4b19)
[Powered by Stella]
A.L.E: Arcade Learning Environment (version 0.10.2+c9d4b19)
[Powered by Stella]
A.L.E: Arcade Learning Environment (version 0.10.2+c9d4b19)
[Powered by Stella]
A.L.E: Arcade Learning Environment (version 0.10.2+c9d4b19)
[Powered by Stella]
A.L.E: Arcade Learning Environment (version 0.10.2+c9d4b19)
[Powered by Stella]
A.L.E: Arcade Learning Environment (version 0.10.2+c9d4b19)
[Powered by Stella]
A.L.E: Arcade Learning Environment (version 0.10.2+c9d4b19)
[Powered by Stella]
A.L.E: Arcade Learning Environment (version 0.10.2+c9d4b19)
[Powered by Stella]
A.L.E: Arcade Learning Environment (version 0.10.2+c9d4b19)
[Powered by Stella]
A.L.E: Arcade Learning Environment (version 0.10.2+c9d4b19)
[Powered by Stella]
A.L.E: Arcade Learning Environment (version 0.10.2+c9d4b19)
[Powered by Stella]
A.L.E: Arcade Learning Environment (version 0.10.2+c9d4b19)
[Powered by Stella]
A.L.E: Arcade Learning Environment (version 0.10.2+c9d4b19)
[Powered by Stella]
A.L.E: Arcade Learning Environment (version 0.10.2+c9d4b19)
[Powered by Stella]
A.L.E: Arcade Learning Environment (version 0.10.2+c9d4b19)
[Powered by Stella]
A.L.E: Arcade Learning Environment (version 0.10.2+c9d4b19)
[Powered by Stella]
A.L.E: Arcade Learning Environment (version 0.10.2+c9d4b19)
[Powered by Stella]
A.L.E: Arcade Learning Environment (version 0.10.2+c9d4b19)
[Powered by Stella]
A.L.E: Arcade Learning Environment (version 0.10.2+c9d4b19)
[Powered by Stella]
A.L.E: Arcade Learning Environment (version 0.10.2+c9d4b19)
[Powered by Stella]
A.L.E: Arcade Learning Environment (version 0.10.2+c9d4b19)
[Powered by Stella]
A.L.E: Arcade Learning Environment (version 0.10.2+c9d4b19)
[Powered by Stella]
A.L.E: Arcade Learning Environment (version 0.10.2+c9d4b19)
[Powered by Stella]
A.L.E: Arcade Learning Environment (version 0.10.2+c9d4b19)
[Powered by Stella]
A.L.E: Arcade Learning Environment (version 0.10.2+c9d4b19)
[Powered by Stella]
A.L.E: Arcade Learning Environment (version 0.10.2+c9d4b19)
[Powered by Stella]
A.L.E: Arcade Learning Environment (version 0.10.2+c9d4b19)
[Powered by Stella]
A.L.E: Arcade Learning Environment (version 0.10.2+c9d4b19)
[Powered by Stella]
A.L.E: Arcade Learning Environment (version 0.10.2+c9d4b19)
[Powered by Stella]
A.L.E: Arcade Learning Environment (version 0.10.2+c9d4b19)
[Powered by Stella]
A.L.E: Arcade Learning Environment (version 0.10.2+c9d4b19)
[Powered by Stella]
A.L.E: Arcade Learning Environment (version 0.10.2+c9d4b19)
[Powered by Stella]
A.L.E: Arcade Learning Environment (version 0.10.2+c9d4b19)
[Powered by Stella]
A.L.E: Arcade Learning Environment (version 0.10.2+c9d4b19)
[Powered by Stella]
A.L.E: Arcade Learning Environment (version 0.10.2+c9d4b19)
[Powered by Stella]
A.L.E: Arcade Learning Environment (version 0.10.2+c9d4b19)
[Powered by Stella]
A.L.E: Arcade Learning Environment (version 0.10.2+c9d4b19)
[Powered by Stella]
A.L.E: Arcade Learning Environment (version 0.10.2+c9d4b19)
[Powered by Stella]
A.L.E: Arcade Learning Environment (version 0.10.2+c9d4b19)
[Powered by Stella]
A.L.E: Arcade Learning Environment (version 0.10.2+c9d4b19)
[Powered by Stella]
Using cuda device
Wrapping the env in a VecTransposeImage.
{'policy': 'CnnLstmPolicy', 'device': 'cuda', 'env': <stable_baselines3.common.vec_env.vec_frame_stack.VecFrameStack object at 0x7fdd312c3a50>, 'learning_rate': <function cosine_schedule.<locals>.func at 0x7fdeb06e9580>, 'seed': 4209510580, 'policy_kwargs': {'net_arch': {'pi': [512, 512], 'vf': [512, 512]}, 'normalize_images': True}, 'verbose': 1, 'gamma': 0.99, 'gae_lambda': 0.95, 'normalize_advantage': True, 'n_steps': 1024, 'batch_size': 512, 'n_epochs': 6, 'ent_coef': 0.0, 'clip_range': 0.3, 'vf_coef': 0.75, 'tensorboard_log': './tblogs'}
Seeds used:
Model: 4209510580
Env: 4209510580
Logging to ./tblogs/rppo_cnn_4209510580_2
/home/jovyan/rl-thesis/.conda/lib/python3.11/site-packages/stable_baselines3/common/callbacks.py:418: UserWarning: Training and eval env are not of the same type<stable_baselines3.common.vec_env.vec_transpose.VecTransposeImage object at 0x7fdd312c8390> != <stable_baselines3.common.vec_env.vec_frame_stack.VecFrameStack object at 0x7fdd312dd2d0>
  warnings.warn("Training and eval env are not of the same type" f"{self.training_env} != {self.eval_env}")
